<?xml version="1.0" encoding="UTF-8"?>
<!-- Generated by org.testng.reporters.JUnitXMLReporter -->
<testsuite ignored="0" hostname="pc-hp" failures="5" tests="8" name="Test" time="1190.614" errors="0" timestamp="2021-04-18T13:41:47 IST">
  <testcase classname="com.inetbanking.testCases.BaseClass" name="@BeforeClass setup" time="39.673">
    <failure type="org.openqa.selenium.SessionNotCreatedException" message="session not created
from disconnected: Unable to receive message from renderer
  (Session info: chrome=89.0.4389.128)
Build info: version: &amp;apos;3.141.59&amp;apos;, revision: &amp;apos;e82be7d358&amp;apos;, time: &amp;apos;2018-11-14T08:17:03&amp;apos;
System info: host: &amp;apos;PC-HP&amp;apos;, ip: &amp;apos;192.168.0.106&amp;apos;, os.name: &amp;apos;Windows 10&amp;apos;, os.arch: &amp;apos;amd64&amp;apos;, os.version: &amp;apos;10.0&amp;apos;, java.version: &amp;apos;15.0.2&amp;apos;
Driver info: driver.version: ChromeDriver
remote stacktrace: Backtrace:
	Ordinal0 [0x0090E7D3+124883]
	Ordinal0 [0x0090E7B1+124849]
	GetHandleVerifier [0x00B58688+193832]
	GetHandleVerifier [0x00B4C137+143319]
	GetHandleVerifier [0x00B4B45E+140030]
	GetHandleVerifier [0x00B4B6E6+140678]
	GetHandleVerifier [0x00B4B025+138949]
	GetHandleVerifier [0x00B50E8C+163116]
	GetHandleVerifier [0x00B4AFE1+138881]
	GetHandleVerifier [0x00B4BD62+142338]
	GetHandleVerifier [0x00B4B45E+140030]
	GetHandleVerifier [0x00B4B6E6+140678]
	GetHandleVerifier [0x00B4B025+138949]
	GetHandleVerifier [0x00B5017C+159772]
	GetHandleVerifier [0x00B4AFE1+138881]
	GetHandleVerifier [0x00B4BD62+142338]
	GetHandleVerifier [0x00B4B45E+140030]
	GetHandleVerifier [0x00B4B6E6+140678]
	GetHandleVerifier [0x00B4B025+138949]
	GetHandleVerifier [0x00B476ED+124301]
	GetHandleVerifier [0x00B4AFE1+138881]
	GetHandleVerifier [0x00B4AE03+138403]
	GetHandleVerifier [0x00B4ABF7+137879]
	GetHandleVerifier [0x00B59930+198608]
	GetHandleVerifier [0x00B95758+443896]
	GetHandleVerifier [0x00B947FC+439964]
	GetHandleVerifier [0x00B9154B+426987]
	GetHandleVerifier [0x00B74FFD+310941]
	GetHandleVerifier [0x00B75D8E+314414]
	GetHandleVerifier [0x00B75D19+314297]
	GetHandleVerifier [0x00C331EC+1089676]
	GetHandleVerifier [0x00C317C9+1082985]
	GetHandleVerifier [0x00C313A3+1081923]
	GetHandleVerifier [0x00D2D9FD+2115741]
	Ordinal0 [0x00A5B82E+1488942]
	Ordinal0 [0x009F5A7D+1071741]
	Ordinal0 [0x009F559B+1070491]
	Ordinal0 [0x009F54B1+1070257]
	Ordinal0 [0x00A2FF53+1310547]
	BaseThreadInitThunk [0x7546FA29+25]
	RtlGetAppContainerNamedObjectPath [0x77607A4E+286]
	RtlGetAppContainerNamedObjectPath [0x77607A1E+238]
">
      <![CDATA[org.openqa.selenium.SessionNotCreatedException: session not created
from disconnected: Unable to receive message from renderer
  (Session info: chrome=89.0.4389.128)
Build info: version: '3.141.59', revision: 'e82be7d358', time: '2018-11-14T08:17:03'
System info: host: 'PC-HP', ip: '192.168.0.106', os.name: 'Windows 10', os.arch: 'amd64', os.version: '10.0', java.version: '15.0.2'
Driver info: driver.version: ChromeDriver
remote stacktrace: Backtrace:
Ordinal0 [0x0090E7D3+124883]
Ordinal0 [0x0090E7B1+124849]
GetHandleVerifier [0x00B58688+193832]
GetHandleVerifier [0x00B4C137+143319]
GetHandleVerifier [0x00B4B45E+140030]
GetHandleVerifier [0x00B4B6E6+140678]
GetHandleVerifier [0x00B4B025+138949]
GetHandleVerifier [0x00B50E8C+163116]
GetHandleVerifier [0x00B4AFE1+138881]
GetHandleVerifier [0x00B4BD62+142338]
GetHandleVerifier [0x00B4B45E+140030]
GetHandleVerifier [0x00B4B6E6+140678]
GetHandleVerifier [0x00B4B025+138949]
GetHandleVerifier [0x00B5017C+159772]
GetHandleVerifier [0x00B4AFE1+138881]
GetHandleVerifier [0x00B4BD62+142338]
GetHandleVerifier [0x00B4B45E+140030]
GetHandleVerifier [0x00B4B6E6+140678]
GetHandleVerifier [0x00B4B025+138949]
GetHandleVerifier [0x00B476ED+124301]
GetHandleVerifier [0x00B4AFE1+138881]
GetHandleVerifier [0x00B4AE03+138403]
GetHandleVerifier [0x00B4ABF7+137879]
GetHandleVerifier [0x00B59930+198608]
GetHandleVerifier [0x00B95758+443896]
GetHandleVerifier [0x00B947FC+439964]
GetHandleVerifier [0x00B9154B+426987]
GetHandleVerifier [0x00B74FFD+310941]
GetHandleVerifier [0x00B75D8E+314414]
GetHandleVerifier [0x00B75D19+314297]
GetHandleVerifier [0x00C331EC+1089676]
GetHandleVerifier [0x00C317C9+1082985]
GetHandleVerifier [0x00C313A3+1081923]
GetHandleVerifier [0x00D2D9FD+2115741]
Ordinal0 [0x00A5B82E+1488942]
Ordinal0 [0x009F5A7D+1071741]
Ordinal0 [0x009F559B+1070491]
Ordinal0 [0x009F54B1+1070257]
Ordinal0 [0x00A2FF53+1310547]
BaseThreadInitThunk [0x7546FA29+25]
RtlGetAppContainerNamedObjectPath [0x77607A4E+286]
RtlGetAppContainerNamedObjectPath [0x77607A1E+238]

at org.openqa.selenium.remote.W3CHandshakeResponse.lambda$errorHandler$0(W3CHandshakeResponse.java:62)
at org.openqa.selenium.remote.HandshakeResponse.lambda$getResponseFunction$0(HandshakeResponse.java:30)
at org.openqa.selenium.remote.ProtocolHandshake.lambda$createSession$0(ProtocolHandshake.java:126)
at java.base/java.util.stream.ReferencePipeline$3$1.accept(ReferencePipeline.java:195)
at java.base/java.util.Spliterators$ArraySpliterator.tryAdvance(Spliterators.java:958)
at java.base/java.util.stream.ReferencePipeline.forEachWithCancel(ReferencePipeline.java:127)
at java.base/java.util.stream.AbstractPipeline.copyIntoWithCancel(AbstractPipeline.java:502)
at java.base/java.util.stream.AbstractPipeline.copyInto(AbstractPipeline.java:488)
at java.base/java.util.stream.AbstractPipeline.wrapAndCopyInto(AbstractPipeline.java:474)
at java.base/java.util.stream.FindOps$FindOp.evaluateSequential(FindOps.java:150)
at java.base/java.util.stream.AbstractPipeline.evaluate(AbstractPipeline.java:234)
at java.base/java.util.stream.ReferencePipeline.findFirst(ReferencePipeline.java:543)
at org.openqa.selenium.remote.ProtocolHandshake.createSession(ProtocolHandshake.java:128)
at org.openqa.selenium.remote.ProtocolHandshake.createSession(ProtocolHandshake.java:74)
at org.openqa.selenium.remote.HttpCommandExecutor.execute(HttpCommandExecutor.java:136)
at org.openqa.selenium.remote.service.DriverCommandExecutor.execute(DriverCommandExecutor.java:83)
at org.openqa.selenium.remote.RemoteWebDriver.execute(RemoteWebDriver.java:552)
at org.openqa.selenium.remote.RemoteWebDriver.startSession(RemoteWebDriver.java:213)
at org.openqa.selenium.remote.RemoteWebDriver.<init>(RemoteWebDriver.java:131)
at org.openqa.selenium.chrome.ChromeDriver.<init>(ChromeDriver.java:181)
at org.openqa.selenium.chrome.ChromeDriver.<init>(ChromeDriver.java:168)
at org.openqa.selenium.chrome.ChromeDriver.<init>(ChromeDriver.java:123)
at com.inetbanking.testCases.BaseClass.setup(BaseClass.java:45)
at java.base/java.util.ArrayList.forEach(ArrayList.java:1511)
... Removed 34 stack frames]]>
    </failure>
  </testcase> <!-- @BeforeClass setup -->
  <testcase classname="com.inetbanking.testCases.BaseClass" name="@AfterClass tearDown" time="-1.618732389808E9">
    <skipped/>
  </testcase> <!-- @AfterClass tearDown -->
  <testcase classname="com.inetbanking.testCases.BaseClass" name="@BeforeClass setup" time="1117.263">
    <failure type="org.openqa.selenium.TimeoutException" message="timeout: Timed out receiving message from renderer: 297.778
  (Session info: chrome=89.0.4389.128)
Build info: version: &amp;apos;3.141.59&amp;apos;, revision: &amp;apos;e82be7d358&amp;apos;, time: &amp;apos;2018-11-14T08:17:03&amp;apos;
System info: host: &amp;apos;PC-HP&amp;apos;, ip: &amp;apos;192.168.0.106&amp;apos;, os.name: &amp;apos;Windows 10&amp;apos;, os.arch: &amp;apos;amd64&amp;apos;, os.version: &amp;apos;10.0&amp;apos;, java.version: &amp;apos;15.0.2&amp;apos;
Driver info: org.openqa.selenium.chrome.ChromeDriver
Capabilities {acceptInsecureCerts: false, browserName: chrome, browserVersion: 89.0.4389.128, chrome: {chromedriverVersion: 89.0.4389.23 (61b08ee2c5002..., userDataDir: C:\WINDOWS\TEMP\scoped_dir4...}, goog:chromeOptions: {debuggerAddress: localhost:3721}, javascriptEnabled: true, networkConnectionEnabled: false, pageLoadStrategy: normal, platform: WINDOWS, platformName: WINDOWS, proxy: Proxy(), setWindowRect: true, strictFileInteractability: false, timeouts: {implicit: 0, pageLoad: 300000, script: 30000}, unhandledPromptBehavior: dismiss and notify, webauthn:extension:largeBlob: true, webauthn:virtualAuthenticators: true}
Session ID: ca40d115f89a3699d2491ac603ed708b">
      <![CDATA[org.openqa.selenium.TimeoutException: timeout: Timed out receiving message from renderer: 297.778
  (Session info: chrome=89.0.4389.128)
Build info: version: '3.141.59', revision: 'e82be7d358', time: '2018-11-14T08:17:03'
System info: host: 'PC-HP', ip: '192.168.0.106', os.name: 'Windows 10', os.arch: 'amd64', os.version: '10.0', java.version: '15.0.2'
Driver info: org.openqa.selenium.chrome.ChromeDriver
Capabilities {acceptInsecureCerts: false, browserName: chrome, browserVersion: 89.0.4389.128, chrome: {chromedriverVersion: 89.0.4389.23 (61b08ee2c5002..., userDataDir: C:\WINDOWS\TEMP\scoped_dir4...}, goog:chromeOptions: {debuggerAddress: localhost:3721}, javascriptEnabled: true, networkConnectionEnabled: false, pageLoadStrategy: normal, platform: WINDOWS, platformName: WINDOWS, proxy: Proxy(), setWindowRect: true, strictFileInteractability: false, timeouts: {implicit: 0, pageLoad: 300000, script: 30000}, unhandledPromptBehavior: dismiss and notify, webauthn:extension:largeBlob: true, webauthn:virtualAuthenticators: true}
Session ID: ca40d115f89a3699d2491ac603ed708b
at org.openqa.selenium.remote.http.W3CHttpResponseCodec.createException(W3CHttpResponseCodec.java:187)
at org.openqa.selenium.remote.http.W3CHttpResponseCodec.decode(W3CHttpResponseCodec.java:122)
at org.openqa.selenium.remote.http.W3CHttpResponseCodec.decode(W3CHttpResponseCodec.java:49)
at org.openqa.selenium.remote.HttpCommandExecutor.execute(HttpCommandExecutor.java:158)
at org.openqa.selenium.remote.service.DriverCommandExecutor.execute(DriverCommandExecutor.java:83)
at org.openqa.selenium.remote.RemoteWebDriver.execute(RemoteWebDriver.java:552)
at org.openqa.selenium.remote.RemoteWebDriver.get(RemoteWebDriver.java:277)
at com.inetbanking.testCases.BaseClass.setup(BaseClass.java:58)
at java.base/java.util.ArrayList.forEach(ArrayList.java:1511)
... Removed 34 stack frames]]>
    </failure>
  </testcase> <!-- @BeforeClass setup -->
  <testcase classname="com.inetbanking.testCases.BaseClass" name="@AfterClass tearDown" time="-1.618733507075E9">
    <skipped/>
  </testcase> <!-- @AfterClass tearDown -->
  <testcase classname="com.inetbanking.testCases.TC_LoginTest_001" name="loginTest" time="2.459">
    <failure type="java.lang.AssertionError" message="expected [true] but found [false]">
      <![CDATA[java.lang.AssertionError: expected [true] but found [false]
at com.inetbanking.testCases.TC_LoginTest_001.loginTest(TC_LoginTest_001.java:32)
at java.base/java.util.ArrayList.forEach(ArrayList.java:1511)
... Removed 35 stack frames]]>
    </failure>
  </testcase> <!-- loginTest -->
  <testcase classname="com.inetbanking.testCases.TC_LoginDDT_002" name="loginDDT" time="5.499"/>
  <testcase classname="com.inetbanking.testCases.TC_LoginDDT_002" name="loginDDT" time="2.677">
    <failure type="java.lang.AssertionError">
      <![CDATA[java.lang.AssertionError
at org.junit.Assert.fail(Assert.java:86)
at org.junit.Assert.assertTrue(Assert.java:41)
at org.junit.Assert.assertTrue(Assert.java:52)
at com.inetbanking.testCases.TC_LoginDDT_002.loginDDT(TC_LoginDDT_002.java:26)
at java.base/java.util.ArrayList.forEach(ArrayList.java:1511)
... Removed 31 stack frames]]>
    </failure>
  </testcase> <!-- loginDDT -->
  <testcase classname="com.inetbanking.testCases.TC_LoginDDT_002" name="loginDDT" time="2.751">
    <failure type="java.lang.AssertionError">
      <![CDATA[java.lang.AssertionError
at org.junit.Assert.fail(Assert.java:86)
at org.junit.Assert.assertTrue(Assert.java:41)
at org.junit.Assert.assertTrue(Assert.java:52)
at com.inetbanking.testCases.TC_LoginDDT_002.loginDDT(TC_LoginDDT_002.java:26)
at java.base/java.util.ArrayList.forEach(ArrayList.java:1511)
... Removed 31 stack frames]]>
    </failure>
  </testcase> <!-- loginDDT -->
  <testcase classname="com.inetbanking.testCases.TC_LoginDDT_002" name="loginDDT" time="1.956">
    <failure type="java.lang.AssertionError">
      <![CDATA[java.lang.AssertionError
at org.junit.Assert.fail(Assert.java:86)
at org.junit.Assert.assertTrue(Assert.java:41)
at org.junit.Assert.assertTrue(Assert.java:52)
at com.inetbanking.testCases.TC_LoginDDT_002.loginDDT(TC_LoginDDT_002.java:26)
at java.base/java.util.ArrayList.forEach(ArrayList.java:1511)
... Removed 31 stack frames]]>
    </failure>
  </testcase> <!-- loginDDT -->
  <testcase classname="com.inetbanking.testCases.TC_LoginDDT_002" name="loginDDT" time="0.011">
    <failure type="java.lang.IllegalArgumentException" message="Keys to send should be a not null CharSequence">
      <![CDATA[java.lang.IllegalArgumentException: Keys to send should be a not null CharSequence
at org.openqa.selenium.remote.RemoteWebElement.sendKeys(RemoteWebElement.java:97)
at org.openqa.selenium.support.pagefactory.internal.LocatingElementHandler.invoke(LocatingElementHandler.java:51)
at com.sun.proxy.$Proxy13.sendKeys(Unknown Source)
at com.inetbanking.pageObjects.LoginPage.setUserName(LoginPage.java:36)
at com.inetbanking.testCases.TC_LoginDDT_002.loginDDT(TC_LoginDDT_002.java:17)
at java.base/java.util.ArrayList.forEach(ArrayList.java:1511)
... Removed 35 stack frames]]>
    </failure>
  </testcase> <!-- loginDDT -->
  <testcase classname="com.inetbanking.testCases.TC_AddNewCustomer_003" name="AddNewCustomer" time="0.0">
    <skipped/>
  </testcase> <!-- AddNewCustomer -->
  <testcase classname="com.inetbanking.testCases.TC_UpdateCustomer_004" name="updateCustomer" time="0.0">
    <skipped/>
  </testcase> <!-- updateCustomer -->
</testsuite> <!-- Test -->
