<?xml version="1.0" encoding="UTF-8"?>
<!-- Generated by org.testng.reporters.JUnitReportReporter -->
<testsuite hostname="pc-hp" failures="0" tests="2" name="com.inetbanking.testCases.TC_AddNewCustomer_003" time="39.673" errors="1" timestamp="2021-04-18T13:41:49 IST" skipped="1">
  <testcase classname="com.inetbanking.testCases.TC_AddNewCustomer_003" name="AddNewCustomer" time="0.000">
    <skipped/>
  </testcase> <!-- AddNewCustomer -->
  <system-out/>
  <testcase classname="com.inetbanking.testCases.TC_AddNewCustomer_003" name="setup" time="39.673">
    <error message="session not created
from disconnected: Unable to receive message from renderer
  (Session info: chrome=89.0.4389.128)
Build info: version: &#039;3.141.59&#039;, revision: &#039;e82be7d358&#039;, time: &#039;2018-11-14T08:17:03&#039;
System info: host: &#039;PC-HP&#039;, ip: &#039;192.168.0.106&#039;, os.name: &#039;Windows 10&#039;, os.arch: &#039;amd64&#039;, os.version: &#039;10.0&#039;, java.version: &#039;15.0.2&#039;
Driver info: driver.version: ChromeDriver
remote stacktrace: Backtrace:
	Ordinal0 [0x0090E7D3+124883]
	Ordinal0 [0x0090E7B1+124849]
	GetHandleVerifier [0x00B58688+193832]
	GetHandleVerifier [0x00B4C137+143319]
	GetHandleVerifier [0x00B4B45E+140030]
	GetHandleVerifier [0x00B4B6E6+140678]
	GetHandleVerifier [0x00B4B025+138949]
	GetHandleVerifier [0x00B50E8C+163116]
	GetHandleVerifier [0x00B4AFE1+138881]
	GetHandleVerifier [0x00B4BD62+142338]
	GetHandleVerifier [0x00B4B45E+140030]
	GetHandleVerifier [0x00B4B6E6+140678]
	GetHandleVerifier [0x00B4B025+138949]
	GetHandleVerifier [0x00B5017C+159772]
	GetHandleVerifier [0x00B4AFE1+138881]
	GetHandleVerifier [0x00B4BD62+142338]
	GetHandleVerifier [0x00B4B45E+140030]
	GetHandleVerifier [0x00B4B6E6+140678]
	GetHandleVerifier [0x00B4B025+138949]
	GetHandleVerifier [0x00B476ED+124301]
	GetHandleVerifier [0x00B4AFE1+138881]
	GetHandleVerifier [0x00B4AE03+138403]
	GetHandleVerifier [0x00B4ABF7+137879]
	GetHandleVerifier [0x00B59930+198608]
	GetHandleVerifier [0x00B95758+443896]
	GetHandleVerifier [0x00B947FC+439964]
	GetHandleVerifier [0x00B9154B+426987]
	GetHandleVerifier [0x00B74FFD+310941]
	GetHandleVerifier [0x00B75D8E+314414]
	GetHandleVerifier [0x00B75D19+314297]
	GetHandleVerifier [0x00C331EC+1089676]
	GetHandleVerifier [0x00C317C9+1082985]
	GetHandleVerifier [0x00C313A3+1081923]
	GetHandleVerifier [0x00D2D9FD+2115741]
	Ordinal0 [0x00A5B82E+1488942]
	Ordinal0 [0x009F5A7D+1071741]
	Ordinal0 [0x009F559B+1070491]
	Ordinal0 [0x009F54B1+1070257]
	Ordinal0 [0x00A2FF53+1310547]
	BaseThreadInitThunk [0x7546FA29+25]
	RtlGetAppContainerNamedObjectPath [0x77607A4E+286]
	RtlGetAppContainerNamedObjectPath [0x77607A1E+238]
" type="org.openqa.selenium.SessionNotCreatedException">
      <![CDATA[org.openqa.selenium.SessionNotCreatedException: session not created
from disconnected: Unable to receive message from renderer
  (Session info: chrome=89.0.4389.128)
Build info: version: '3.141.59', revision: 'e82be7d358', time: '2018-11-14T08:17:03'
System info: host: 'PC-HP', ip: '192.168.0.106', os.name: 'Windows 10', os.arch: 'amd64', os.version: '10.0', java.version: '15.0.2'
Driver info: driver.version: ChromeDriver
remote stacktrace: Backtrace:
Ordinal0 [0x0090E7D3+124883]
Ordinal0 [0x0090E7B1+124849]
GetHandleVerifier [0x00B58688+193832]
GetHandleVerifier [0x00B4C137+143319]
GetHandleVerifier [0x00B4B45E+140030]
GetHandleVerifier [0x00B4B6E6+140678]
GetHandleVerifier [0x00B4B025+138949]
GetHandleVerifier [0x00B50E8C+163116]
GetHandleVerifier [0x00B4AFE1+138881]
GetHandleVerifier [0x00B4BD62+142338]
GetHandleVerifier [0x00B4B45E+140030]
GetHandleVerifier [0x00B4B6E6+140678]
GetHandleVerifier [0x00B4B025+138949]
GetHandleVerifier [0x00B5017C+159772]
GetHandleVerifier [0x00B4AFE1+138881]
GetHandleVerifier [0x00B4BD62+142338]
GetHandleVerifier [0x00B4B45E+140030]
GetHandleVerifier [0x00B4B6E6+140678]
GetHandleVerifier [0x00B4B025+138949]
GetHandleVerifier [0x00B476ED+124301]
GetHandleVerifier [0x00B4AFE1+138881]
GetHandleVerifier [0x00B4AE03+138403]
GetHandleVerifier [0x00B4ABF7+137879]
GetHandleVerifier [0x00B59930+198608]
GetHandleVerifier [0x00B95758+443896]
GetHandleVerifier [0x00B947FC+439964]
GetHandleVerifier [0x00B9154B+426987]
GetHandleVerifier [0x00B74FFD+310941]
GetHandleVerifier [0x00B75D8E+314414]
GetHandleVerifier [0x00B75D19+314297]
GetHandleVerifier [0x00C331EC+1089676]
GetHandleVerifier [0x00C317C9+1082985]
GetHandleVerifier [0x00C313A3+1081923]
GetHandleVerifier [0x00D2D9FD+2115741]
Ordinal0 [0x00A5B82E+1488942]
Ordinal0 [0x009F5A7D+1071741]
Ordinal0 [0x009F559B+1070491]
Ordinal0 [0x009F54B1+1070257]
Ordinal0 [0x00A2FF53+1310547]
BaseThreadInitThunk [0x7546FA29+25]
RtlGetAppContainerNamedObjectPath [0x77607A4E+286]
RtlGetAppContainerNamedObjectPath [0x77607A1E+238]

at java.base/jdk.internal.reflect.NativeConstructorAccessorImpl.newInstance0(Native Method)
at java.base/jdk.internal.reflect.NativeConstructorAccessorImpl.newInstance(NativeConstructorAccessorImpl.java:64)
at java.base/jdk.internal.reflect.DelegatingConstructorAccessorImpl.newInstance(DelegatingConstructorAccessorImpl.java:45)
at java.base/java.lang.reflect.Constructor.newInstanceWithCaller(Constructor.java:500)
at java.base/java.lang.reflect.Constructor.newInstance(Constructor.java:481)
at org.openqa.selenium.remote.W3CHandshakeResponse.lambda$errorHandler$0(W3CHandshakeResponse.java:62)
at org.openqa.selenium.remote.HandshakeResponse.lambda$getResponseFunction$0(HandshakeResponse.java:30)
at org.openqa.selenium.remote.ProtocolHandshake.lambda$createSession$0(ProtocolHandshake.java:126)
at java.base/java.util.stream.ReferencePipeline$3$1.accept(ReferencePipeline.java:195)
at java.base/java.util.Spliterators$ArraySpliterator.tryAdvance(Spliterators.java:958)
at java.base/java.util.stream.ReferencePipeline.forEachWithCancel(ReferencePipeline.java:127)
at java.base/java.util.stream.AbstractPipeline.copyIntoWithCancel(AbstractPipeline.java:502)
at java.base/java.util.stream.AbstractPipeline.copyInto(AbstractPipeline.java:488)
at java.base/java.util.stream.AbstractPipeline.wrapAndCopyInto(AbstractPipeline.java:474)
at java.base/java.util.stream.FindOps$FindOp.evaluateSequential(FindOps.java:150)
at java.base/java.util.stream.AbstractPipeline.evaluate(AbstractPipeline.java:234)
at java.base/java.util.stream.ReferencePipeline.findFirst(ReferencePipeline.java:543)
at org.openqa.selenium.remote.ProtocolHandshake.createSession(ProtocolHandshake.java:128)
at org.openqa.selenium.remote.ProtocolHandshake.createSession(ProtocolHandshake.java:74)
at org.openqa.selenium.remote.HttpCommandExecutor.execute(HttpCommandExecutor.java:136)
at org.openqa.selenium.remote.service.DriverCommandExecutor.execute(DriverCommandExecutor.java:83)
at org.openqa.selenium.remote.RemoteWebDriver.execute(RemoteWebDriver.java:552)
at org.openqa.selenium.remote.RemoteWebDriver.startSession(RemoteWebDriver.java:213)
at org.openqa.selenium.remote.RemoteWebDriver.<init>(RemoteWebDriver.java:131)
at org.openqa.selenium.chrome.ChromeDriver.<init>(ChromeDriver.java:181)
at org.openqa.selenium.chrome.ChromeDriver.<init>(ChromeDriver.java:168)
at org.openqa.selenium.chrome.ChromeDriver.<init>(ChromeDriver.java:123)
at com.inetbanking.testCases.BaseClass.setup(BaseClass.java:45)
at java.base/jdk.internal.reflect.NativeMethodAccessorImpl.invoke0(Native Method)
at java.base/jdk.internal.reflect.NativeMethodAccessorImpl.invoke(NativeMethodAccessorImpl.java:64)
at java.base/jdk.internal.reflect.DelegatingMethodAccessorImpl.invoke(DelegatingMethodAccessorImpl.java:43)
at java.base/java.lang.reflect.Method.invoke(Method.java:564)
at org.testng.internal.MethodInvocationHelper.invokeMethod(MethodInvocationHelper.java:133)
at org.testng.internal.MethodInvocationHelper.invokeMethodConsideringTimeout(MethodInvocationHelper.java:62)
at org.testng.internal.ConfigInvoker.invokeConfigurationMethod(ConfigInvoker.java:385)
at org.testng.internal.ConfigInvoker.invokeConfigurations(ConfigInvoker.java:321)
at org.testng.internal.TestMethodWorker.invokeBeforeClassMethods(TestMethodWorker.java:176)
at org.testng.internal.TestMethodWorker.run(TestMethodWorker.java:122)
at java.base/java.util.ArrayList.forEach(ArrayList.java:1511)
at org.testng.TestRunner.privateRun(TestRunner.java:794)
at org.testng.TestRunner.run(TestRunner.java:596)
at org.testng.SuiteRunner.runTest(SuiteRunner.java:377)
at org.testng.SuiteRunner.runSequentially(SuiteRunner.java:371)
at org.testng.SuiteRunner.privateRun(SuiteRunner.java:332)
at org.testng.SuiteRunner.run(SuiteRunner.java:276)
at org.testng.SuiteRunnerWorker.runSuite(SuiteRunnerWorker.java:53)
at org.testng.SuiteRunnerWorker.run(SuiteRunnerWorker.java:96)
at org.testng.TestNG.runSuitesSequentially(TestNG.java:1212)
at org.testng.TestNG.runSuitesLocally(TestNG.java:1134)
at org.testng.TestNG.runSuites(TestNG.java:1063)
at org.testng.TestNG.run(TestNG.java:1031)
at org.apache.maven.surefire.testng.TestNGExecutor.run(TestNGExecutor.java:283)
at org.apache.maven.surefire.testng.TestNGXmlTestSuite.execute(TestNGXmlTestSuite.java:75)
at org.apache.maven.surefire.testng.TestNGProvider.invoke(TestNGProvider.java:120)
at org.apache.maven.surefire.booter.ForkedBooter.invokeProviderInSameClassLoader(ForkedBooter.java:384)
at org.apache.maven.surefire.booter.ForkedBooter.runSuitesInProcess(ForkedBooter.java:345)
at org.apache.maven.surefire.booter.ForkedBooter.execute(ForkedBooter.java:126)
at org.apache.maven.surefire.booter.ForkedBooter.main(ForkedBooter.java:418)
]]>
    </error>
  </testcase> <!-- setup -->
  <system-out/>
</testsuite> <!-- com.inetbanking.testCases.TC_AddNewCustomer_003 -->
